Flow report for proc
Wed Jan 06 20:11:58 2016
Quartus II 64-Bit Version 8.1 Build 163 10/28/2008 SJ Full Version


---------------------
; Table of Contents ;
---------------------
  1. Legal Notice
  2. Flow Summary
  3. Flow Settings
  4. Flow Non-Default Global Settings
  5. Flow Elapsed Time
  6. Flow OS Summary
  7. Flow Log



----------------
; Legal Notice ;
----------------
Copyright (C) 1991-2008 Altera Corporation
Your use of Altera Corporation's design tools, logic functions 
and other software and tools, and its AMPP partner logic 
functions, and any output files from any of the foregoing 
(including device programming or simulation files), and any 
associated documentation or information are expressly subject 
to the terms and conditions of the Altera Program License 
Subscription Agreement, Altera MegaCore Function License 
Agreement, or other applicable license agreement, including, 
without limitation, that your use is for the sole purpose of 
programming logic devices manufactured by Altera and sold by 
Altera or its authorized distributors.  Please refer to the 
applicable agreement for further details.



+-------------------------------------------------------------------------------+
; Flow Summary                                                                  ;
+------------------------------------+------------------------------------------+
; Flow Status                        ; Successful - Wed Jan 06 20:11:58 2016    ;
; Quartus II 64-Bit Version          ; 8.1 Build 163 10/28/2008 SJ Full Version ;
; Revision Name                      ; proc                                     ;
; Top-level Entity Name              ; proc                                     ;
; Family                             ; Cyclone II                               ;
; Device                             ; EP2C70F896C6                             ;
; Timing Models                      ; Final                                    ;
; Met timing requirements            ; No                                       ;
; Total logic elements               ; 201 / 68,416 ( < 1 % )                   ;
;     Total combinational functions  ; 160 / 68,416 ( < 1 % )                   ;
;     Dedicated logic registers      ; 139 / 68,416 ( < 1 % )                   ;
; Total registers                    ; 139                                      ;
; Total pins                         ; 36 / 622 ( 6 % )                         ;
; Total virtual pins                 ; 0                                        ;
; Total memory bits                  ; 0 / 1,152,000 ( 0 % )                    ;
; Embedded Multiplier 9-bit elements ; 0 / 300 ( 0 % )                          ;
; Total PLLs                         ; 0 / 4 ( 0 % )                            ;
+------------------------------------+------------------------------------------+


+-----------------------------------------+
; Flow Settings                           ;
+-------------------+---------------------+
; Option            ; Setting             ;
+-------------------+---------------------+
; Start date & time ; 01/06/2016 20:07:56 ;
; Main task         ; Compilation         ;
; Revision Name     ; proc                ;
+-------------------+---------------------+


+--------------------------------------------------------------------------------------------------------------------+
; Flow Non-Default Global Settings                                                                                   ;
+------------------------------------+--------------------------------+---------------+-------------+----------------+
; Assignment Name                    ; Value                          ; Default Value ; Entity Name ; Section Id     ;
+------------------------------------+--------------------------------+---------------+-------------+----------------+
; COMPILER_SIGNATURE_ID              ; 44873438952414.145208207620852 ; --            ; --          ; --             ;
; MAX_CORE_JUNCTION_TEMP             ; 85                             ; --            ; --          ; --             ;
; MIN_CORE_JUNCTION_TEMP             ; 0                              ; --            ; --          ; --             ;
; PARTITION_COLOR                    ; 16764057                       ; --            ; --          ; Top            ;
; PARTITION_NETLIST_TYPE             ; SOURCE                         ; --            ; --          ; Top            ;
; USE_GENERATED_PHYSICAL_CONSTRAINTS ; Off                            ; --            ; --          ; eda_blast_fpga ;
+------------------------------------+--------------------------------+---------------+-------------+----------------+


+-----------------------------------------------------------------------------------------------------------------------------+
; Flow Elapsed Time                                                                                                           ;
+-------------------------+--------------+-------------------------+---------------------+------------------------------------+
; Module Name             ; Elapsed Time ; Average Processors Used ; Peak Virtual Memory ; Total CPU Time (on all processors) ;
+-------------------------+--------------+-------------------------+---------------------+------------------------------------+
; Analysis & Synthesis    ; 00:00:46     ; 1.0                     ; 328 MB              ; 00:00:02                           ;
; Fitter                  ; 00:00:58     ; 1.1                     ; 483 MB              ; 00:00:13                           ;
; Assembler               ; 00:00:47     ; 1.0                     ; 422 MB              ; 00:00:03                           ;
; Classic Timing Analyzer ; 00:00:44     ; 1.0                     ; 234 MB              ; 00:00:00                           ;
; Total                   ; 00:03:15     ; --                      ; --                  ; 00:00:18                           ;
+-------------------------+--------------+-------------------------+---------------------+------------------------------------+


+------------------------------------------------------------------------------------------+
; Flow OS Summary                                                                          ;
+-------------------------+------------------+---------------+------------+----------------+
; Module Name             ; Machine Hostname ; OS Name       ; OS Version ; Processor type ;
+-------------------------+------------------+---------------+------------+----------------+
; Analysis & Synthesis    ; c-PC             ; Windows Vista ; 6.1        ; x86_64         ;
; Fitter                  ; c-PC             ; Windows Vista ; 6.1        ; x86_64         ;
; Assembler               ; c-PC             ; Windows Vista ; 6.1        ; x86_64         ;
; Classic Timing Analyzer ; c-PC             ; Windows Vista ; 6.1        ; x86_64         ;
+-------------------------+------------------+---------------+------------+----------------+


------------
; Flow Log ;
------------
quartus_map --read_settings_files=on --write_settings_files=off proc -c proc
quartus_fit --read_settings_files=off --write_settings_files=off proc -c proc
quartus_asm --read_settings_files=off --write_settings_files=off proc -c proc
quartus_tan --read_settings_files=off --write_settings_files=off proc -c proc --timing_analysis_only



