Analysis & Synthesis report for proc
Wed Jan 06 20:08:42 2016
Quartus II 64-Bit Version 8.1 Build 163 10/28/2008 SJ Full Version


---------------------
; Table of Contents ;
---------------------
  1. Legal Notice
  2. Analysis & Synthesis Summary
  3. Analysis & Synthesis Settings
  4. Analysis & Synthesis Source Files Read
  5. Analysis & Synthesis Resource Usage Summary
  6. Analysis & Synthesis Resource Utilization by Entity
  7. User-Specified and Inferred Latches
  8. Registers Removed During Synthesis
  9. General Register Statistics
 10. Multiplexer Restructuring Statistics (Restructuring Performed)
 11. Parameter Settings for User Entity Instance: regn:reg_0
 12. Parameter Settings for User Entity Instance: regn:reg_1
 13. Parameter Settings for User Entity Instance: regn:reg_2
 14. Parameter Settings for User Entity Instance: regn:reg_3
 15. Parameter Settings for User Entity Instance: regn:reg_4
 16. Parameter Settings for User Entity Instance: regn:reg_5
 17. Parameter Settings for User Entity Instance: regn:reg_6
 18. Parameter Settings for User Entity Instance: regn:reg_7
 19. Parameter Settings for User Entity Instance: regn:reg_A
 20. Parameter Settings for User Entity Instance: regn:reg_g
 21. Parameter Settings for User Entity Instance: regnl:reg_ir
 22. Analysis & Synthesis Messages



----------------
; Legal Notice ;
----------------
Copyright (C) 1991-2008 Altera Corporation
Your use of Altera Corporation's design tools, logic functions 
and other software and tools, and its AMPP partner logic 
functions, and any output files from any of the foregoing 
(including device programming or simulation files), and any 
associated documentation or information are expressly subject 
to the terms and conditions of the Altera Program License 
Subscription Agreement, Altera MegaCore Function License 
Agreement, or other applicable license agreement, including, 
without limitation, that your use is for the sole purpose of 
programming logic devices manufactured by Altera and sold by 
Altera or its authorized distributors.  Please refer to the 
applicable agreement for further details.



+-------------------------------------------------------------------------------+
; Analysis & Synthesis Summary                                                  ;
+------------------------------------+------------------------------------------+
; Analysis & Synthesis Status        ; Successful - Wed Jan 06 20:08:42 2016    ;
; Quartus II 64-Bit Version          ; 8.1 Build 163 10/28/2008 SJ Full Version ;
; Revision Name                      ; proc                                     ;
; Top-level Entity Name              ; proc                                     ;
; Family                             ; Cyclone II                               ;
; Total logic elements               ; 160                                      ;
;     Total combinational functions  ; 160                                      ;
;     Dedicated logic registers      ; 139                                      ;
; Total registers                    ; 139                                      ;
; Total pins                         ; 36                                       ;
; Total virtual pins                 ; 0                                        ;
; Total memory bits                  ; 0                                        ;
; Embedded Multiplier 9-bit elements ; 0                                        ;
; Total PLLs                         ; 0                                        ;
+------------------------------------+------------------------------------------+


+----------------------------------------------------------------------------------------------------------+
; Analysis & Synthesis Settings                                                                            ;
+----------------------------------------------------------------+--------------------+--------------------+
; Option                                                         ; Setting            ; Default Value      ;
+----------------------------------------------------------------+--------------------+--------------------+
; Device                                                         ; EP2C70F896C6       ;                    ;
; Top-level entity name                                          ; proc               ; proc               ;
; Family name                                                    ; Cyclone II         ; Stratix II         ;
; Use Generated Physical Constraints File                        ; Off                ;                    ;
; Use smart compilation                                          ; Off                ; Off                ;
; Restructure Multiplexers                                       ; Auto               ; Auto               ;
; Create Debugging Nodes for IP Cores                            ; Off                ; Off                ;
; Preserve fewer node names                                      ; On                 ; On                 ;
; Disable OpenCore Plus hardware evaluation                      ; Off                ; Off                ;
; Verilog Version                                                ; Verilog_2001       ; Verilog_2001       ;
; VHDL Version                                                   ; VHDL93             ; VHDL93             ;
; State Machine Processing                                       ; Auto               ; Auto               ;
; Safe State Machine                                             ; Off                ; Off                ;
; Extract Verilog State Machines                                 ; On                 ; On                 ;
; Extract VHDL State Machines                                    ; On                 ; On                 ;
; Ignore Verilog initial constructs                              ; Off                ; Off                ;
; Iteration limit for constant Verilog loops                     ; 5000               ; 5000               ;
; Iteration limit for non-constant Verilog loops                 ; 250                ; 250                ;
; Add Pass-Through Logic to Inferred RAMs                        ; On                 ; On                 ;
; Parallel Synthesis                                             ; Off                ; Off                ;
; DSP Block Balancing                                            ; Auto               ; Auto               ;
; NOT Gate Push-Back                                             ; On                 ; On                 ;
; Power-Up Don't Care                                            ; On                 ; On                 ;
; Remove Redundant Logic Cells                                   ; Off                ; Off                ;
; Remove Duplicate Registers                                     ; On                 ; On                 ;
; Ignore CARRY Buffers                                           ; Off                ; Off                ;
; Ignore CASCADE Buffers                                         ; Off                ; Off                ;
; Ignore GLOBAL Buffers                                          ; Off                ; Off                ;
; Ignore ROW GLOBAL Buffers                                      ; Off                ; Off                ;
; Ignore LCELL Buffers                                           ; Off                ; Off                ;
; Ignore SOFT Buffers                                            ; On                 ; On                 ;
; Limit AHDL Integers to 32 Bits                                 ; Off                ; Off                ;
; Optimization Technique                                         ; Balanced           ; Balanced           ;
; Carry Chain Length                                             ; 70                 ; 70                 ;
; Auto Carry Chains                                              ; On                 ; On                 ;
; Auto Open-Drain Pins                                           ; On                 ; On                 ;
; Perform WYSIWYG Primitive Resynthesis                          ; Off                ; Off                ;
; Perform gate-level register retiming                           ; Off                ; Off                ;
; Allow register retiming to trade off Tsu/Tco with Fmax         ; On                 ; On                 ;
; Auto ROM Replacement                                           ; On                 ; On                 ;
; Auto RAM Replacement                                           ; On                 ; On                 ;
; Auto Shift Register Replacement                                ; Auto               ; Auto               ;
; Auto Clock Enable Replacement                                  ; On                 ; On                 ;
; Strict RAM Replacement                                         ; Off                ; Off                ;
; Allow Synchronous Control Signals                              ; On                 ; On                 ;
; Force Use of Synchronous Clear Signals                         ; Off                ; Off                ;
; Auto RAM to Logic Cell Conversion                              ; Off                ; Off                ;
; Auto Resource Sharing                                          ; Off                ; Off                ;
; Allow Any RAM Size For Recognition                             ; Off                ; Off                ;
; Allow Any ROM Size For Recognition                             ; Off                ; Off                ;
; Allow Any Shift Register Size For Recognition                  ; Off                ; Off                ;
; Use LogicLock Constraints during Resource Balancing            ; On                 ; On                 ;
; Ignore translate_off and synthesis_off directives              ; Off                ; Off                ;
; Show Parameter Settings Tables in Synthesis Report             ; On                 ; On                 ;
; Ignore Maximum Fan-Out Assignments                             ; Off                ; Off                ;
; Synchronization Register Chain Length                          ; 2                  ; 2                  ;
; PowerPlay Power Optimization                                   ; Normal compilation ; Normal compilation ;
; HDL message level                                              ; Level2             ; Level2             ;
; Suppress Register Optimization Related Messages                ; Off                ; Off                ;
; Number of Removed Registers Reported in Synthesis Report       ; 100                ; 100                ;
; Number of Inverted Registers Reported in Synthesis Report      ; 100                ; 100                ;
; Clock MUX Protection                                           ; On                 ; On                 ;
; Auto Gated Clock Conversion                                    ; Off                ; Off                ;
; Block Design Naming                                            ; Auto               ; Auto               ;
; SDC constraint protection                                      ; Off                ; Off                ;
; Synthesis Effort                                               ; Auto               ; Auto               ;
; Allows Asynchronous Clear Usage For Shift Register Replacement ; On                 ; On                 ;
; Analysis & Synthesis Message Level                             ; Medium             ; Medium             ;
+----------------------------------------------------------------+--------------------+--------------------+


+-------------------------------------------------------------------------------------------------------------+
; Analysis & Synthesis Source Files Read                                                                      ;
+----------------------------------+-----------------+-----------------+--------------------------------------+
; File Name with User-Entered Path ; Used in Netlist ; File Type       ; File Name with Absolute Path         ;
+----------------------------------+-----------------+-----------------+--------------------------------------+
; proc.vhd                         ; yes             ; User VHDL File  ; C:/Users/c/Desktop/proc1/proc.vhd    ;
; upcount.vhd                      ; yes             ; User VHDL File  ; C:/Users/c/Desktop/proc1/upcount.vhd ;
; dec3to8.vhd                      ; yes             ; User VHDL File  ; C:/Users/c/Desktop/proc1/dec3to8.vhd ;
; regn.vhd                         ; yes             ; User VHDL File  ; C:/Users/c/Desktop/proc1/regn.vhd    ;
; mux.vhd                          ; yes             ; User VHDL File  ; C:/Users/c/Desktop/proc1/mux.vhd     ;
; ALU.vhd                          ; yes             ; User VHDL File  ; C:/Users/c/Desktop/proc1/ALU.vhd     ;
; regnl.vhd                        ; yes             ; User VHDL File  ; C:/Users/c/Desktop/proc1/regnl.vhd   ;
+----------------------------------+-----------------+-----------------+--------------------------------------+


+-----------------------------------------------------+
; Analysis & Synthesis Resource Usage Summary         ;
+---------------------------------------------+-------+
; Resource                                    ; Usage ;
+---------------------------------------------+-------+
; Estimated Total logic elements              ; 160   ;
;                                             ;       ;
; Total combinational functions               ; 160   ;
; Logic element usage by number of LUT inputs ;       ;
;     -- 4 input functions                    ; 111   ;
;     -- 3 input functions                    ; 43    ;
;     -- <=2 input functions                  ; 6     ;
;                                             ;       ;
; Logic elements by mode                      ;       ;
;     -- normal mode                          ; 160   ;
;     -- arithmetic mode                      ; 0     ;
;                                             ;       ;
; Total registers                             ; 139   ;
;     -- Dedicated logic registers            ; 139   ;
;     -- I/O registers                        ; 0     ;
;                                             ;       ;
; I/O pins                                    ; 36    ;
; Maximum fan-out node                        ; Clock ;
; Maximum fan-out                             ; 139   ;
; Total fan-out                               ; 1017  ;
; Average fan-out                             ; 3.04  ;
+---------------------------------------------+-------+


+-----------------------------------------------------------------------------------------------------------------------------------------------------------------------------+
; Analysis & Synthesis Resource Utilization by Entity                                                                                                                         ;
+----------------------------+-------------------+--------------+-------------+--------------+---------+-----------+------+--------------+---------------------+--------------+
; Compilation Hierarchy Node ; LC Combinationals ; LC Registers ; Memory Bits ; DSP Elements ; DSP 9x9 ; DSP 18x18 ; Pins ; Virtual Pins ; Full Hierarchy Name ; Library Name ;
+----------------------------+-------------------+--------------+-------------+--------------+---------+-----------+------+--------------+---------------------+--------------+
; |proc                      ; 160 (34)          ; 139 (0)      ; 0           ; 0            ; 0       ; 0         ; 36   ; 0            ; |proc               ; work         ;
;    |mux:MUX1|              ; 125 (125)         ; 0 (0)        ; 0           ; 0            ; 0       ; 0         ; 0    ; 0            ; |proc|mux:MUX1      ; work         ;
;    |regn:reg_0|            ; 0 (0)             ; 16 (16)      ; 0           ; 0            ; 0       ; 0         ; 0    ; 0            ; |proc|regn:reg_0    ; work         ;
;    |regn:reg_1|            ; 0 (0)             ; 16 (16)      ; 0           ; 0            ; 0       ; 0         ; 0    ; 0            ; |proc|regn:reg_1    ; work         ;
;    |regn:reg_2|            ; 0 (0)             ; 16 (16)      ; 0           ; 0            ; 0       ; 0         ; 0    ; 0            ; |proc|regn:reg_2    ; work         ;
;    |regn:reg_3|            ; 0 (0)             ; 16 (16)      ; 0           ; 0            ; 0       ; 0         ; 0    ; 0            ; |proc|regn:reg_3    ; work         ;
;    |regn:reg_4|            ; 0 (0)             ; 16 (16)      ; 0           ; 0            ; 0       ; 0         ; 0    ; 0            ; |proc|regn:reg_4    ; work         ;
;    |regn:reg_5|            ; 0 (0)             ; 16 (16)      ; 0           ; 0            ; 0       ; 0         ; 0    ; 0            ; |proc|regn:reg_5    ; work         ;
;    |regn:reg_6|            ; 0 (0)             ; 16 (16)      ; 0           ; 0            ; 0       ; 0         ; 0    ; 0            ; |proc|regn:reg_6    ; work         ;
;    |regn:reg_7|            ; 0 (0)             ; 16 (16)      ; 0           ; 0            ; 0       ; 0         ; 0    ; 0            ; |proc|regn:reg_7    ; work         ;
;    |regnl:reg_ir|          ; 0 (0)             ; 9 (9)        ; 0           ; 0            ; 0       ; 0         ; 0    ; 0            ; |proc|regnl:reg_ir  ; work         ;
;    |upcount:Tstep|         ; 1 (1)             ; 2 (2)        ; 0           ; 0            ; 0       ; 0         ; 0    ; 0            ; |proc|upcount:Tstep ; work         ;
+----------------------------+-------------------+--------------+-------------+--------------+---------+-----------+------+--------------+---------------------+--------------+
Note: For table entries with two numbers listed, the numbers in parentheses indicate the number of resources of the given type used by the specific entity alone. The numbers listed outside of parentheses indicate the total resources of the given type used by the specific entity and all of its sub-entities in the hierarchy.


+----------------------------------------------------------------------------------------------------------+
; User-Specified and Inferred Latches                                                                      ;
+-----------------------------------------------------+---------------------------+------------------------+
; Latch Name                                          ; Latch Enable Signal       ; Free of Timing Hazards ;
+-----------------------------------------------------+---------------------------+------------------------+
; mux:MUX1|BUSWIRES[0]                                ; mux:MUX1|BUSWIRES[15]~152 ; yes                    ;
; mux:MUX1|BUSWIRES[1]                                ; mux:MUX1|BUSWIRES[15]~152 ; yes                    ;
; mux:MUX1|BUSWIRES[2]                                ; mux:MUX1|BUSWIRES[15]~152 ; yes                    ;
; mux:MUX1|BUSWIRES[3]                                ; mux:MUX1|BUSWIRES[15]~152 ; yes                    ;
; mux:MUX1|BUSWIRES[4]                                ; mux:MUX1|BUSWIRES[15]~152 ; yes                    ;
; mux:MUX1|BUSWIRES[5]                                ; mux:MUX1|BUSWIRES[15]~152 ; yes                    ;
; mux:MUX1|BUSWIRES[6]                                ; mux:MUX1|BUSWIRES[15]~152 ; yes                    ;
; mux:MUX1|BUSWIRES[7]                                ; mux:MUX1|BUSWIRES[15]~152 ; yes                    ;
; mux:MUX1|BUSWIRES[8]                                ; mux:MUX1|BUSWIRES[15]~152 ; yes                    ;
; mux:MUX1|BUSWIRES[9]                                ; mux:MUX1|BUSWIRES[15]~152 ; yes                    ;
; mux:MUX1|BUSWIRES[10]                               ; mux:MUX1|BUSWIRES[15]~152 ; yes                    ;
; mux:MUX1|BUSWIRES[11]                               ; mux:MUX1|BUSWIRES[15]~152 ; yes                    ;
; mux:MUX1|BUSWIRES[12]                               ; mux:MUX1|BUSWIRES[15]~152 ; yes                    ;
; mux:MUX1|BUSWIRES[13]                               ; mux:MUX1|BUSWIRES[15]~152 ; yes                    ;
; mux:MUX1|BUSWIRES[14]                               ; mux:MUX1|BUSWIRES[15]~152 ; yes                    ;
; mux:MUX1|BUSWIRES[15]                               ; mux:MUX1|BUSWIRES[15]~152 ; yes                    ;
; Number of user-specified and inferred latches = 16  ;                           ;                        ;
+-----------------------------------------------------+---------------------------+------------------------+
Note: All latches listed above may not be present at the end of synthesis due to various synthesis optimizations.


+---------------------------------------------------------------------------------+
; Registers Removed During Synthesis                                              ;
+----------------------------------------+----------------------------------------+
; Register name                          ; Reason for Removal                     ;
+----------------------------------------+----------------------------------------+
; regn:reg_g|Q[0..15]                    ; Stuck at GND due to stuck port data_in ;
; Total Number of Removed Registers = 16 ;                                        ;
+----------------------------------------+----------------------------------------+


+------------------------------------------------------+
; General Register Statistics                          ;
+----------------------------------------------+-------+
; Statistic                                    ; Value ;
+----------------------------------------------+-------+
; Total registers                              ; 139   ;
; Number of registers using Synchronous Clear  ; 0     ;
; Number of registers using Synchronous Load   ; 0     ;
; Number of registers using Asynchronous Clear ; 0     ;
; Number of registers using Asynchronous Load  ; 0     ;
; Number of registers using Clock Enable       ; 137   ;
; Number of registers using Preset             ; 0     ;
+----------------------------------------------+-------+


+---------------------------------------------------------------------------------------------------------------------------------------------+
; Multiplexer Restructuring Statistics (Restructuring Performed)                                                                              ;
+--------------------+-----------+---------------+----------------------+------------------------+------------+-------------------------------+
; Multiplexer Inputs ; Bus Width ; Baseline Area ; Area if Restructured ; Saving if Restructured ; Registered ; Example Multiplexer Output    ;
+--------------------+-----------+---------------+----------------------+------------------------+------------+-------------------------------+
; 7:1                ; 8 bits    ; 32 LEs        ; 8 LEs                ; 24 LEs                 ; No         ; |proc|RIN[1]                  ;
; 13:1               ; 8 bits    ; 64 LEs        ; 16 LEs               ; 48 LEs                 ; No         ; |proc|ROUT[0]                 ;
; 10:1               ; 16 bits   ; 96 LEs        ; 96 LEs               ; 0 LEs                  ; No         ; |proc|mux:MUX1|BUSWIRES[1]~62 ;
+--------------------+-----------+---------------+----------------------+------------------------+------------+-------------------------------+


+---------------------------------------------------------+
; Parameter Settings for User Entity Instance: regn:reg_0 ;
+----------------+-------+--------------------------------+
; Parameter Name ; Value ; Type                           ;
+----------------+-------+--------------------------------+
; n              ; 16    ; Signed Integer                 ;
+----------------+-------+--------------------------------+
Note: In order to hide this table in the UI and the text report file, please set the "Show Parameter Settings Tables in Synthesis Report" option in "Analysis and Synthesis Settings -> More Settings" to "Off".


+---------------------------------------------------------+
; Parameter Settings for User Entity Instance: regn:reg_1 ;
+----------------+-------+--------------------------------+
; Parameter Name ; Value ; Type                           ;
+----------------+-------+--------------------------------+
; n              ; 16    ; Signed Integer                 ;
+----------------+-------+--------------------------------+
Note: In order to hide this table in the UI and the text report file, please set the "Show Parameter Settings Tables in Synthesis Report" option in "Analysis and Synthesis Settings -> More Settings" to "Off".


+---------------------------------------------------------+
; Parameter Settings for User Entity Instance: regn:reg_2 ;
+----------------+-------+--------------------------------+
; Parameter Name ; Value ; Type                           ;
+----------------+-------+--------------------------------+
; n              ; 16    ; Signed Integer                 ;
+----------------+-------+--------------------------------+
Note: In order to hide this table in the UI and the text report file, please set the "Show Parameter Settings Tables in Synthesis Report" option in "Analysis and Synthesis Settings -> More Settings" to "Off".


+---------------------------------------------------------+
; Parameter Settings for User Entity Instance: regn:reg_3 ;
+----------------+-------+--------------------------------+
; Parameter Name ; Value ; Type                           ;
+----------------+-------+--------------------------------+
; n              ; 16    ; Signed Integer                 ;
+----------------+-------+--------------------------------+
Note: In order to hide this table in the UI and the text report file, please set the "Show Parameter Settings Tables in Synthesis Report" option in "Analysis and Synthesis Settings -> More Settings" to "Off".


+---------------------------------------------------------+
; Parameter Settings for User Entity Instance: regn:reg_4 ;
+----------------+-------+--------------------------------+
; Parameter Name ; Value ; Type                           ;
+----------------+-------+--------------------------------+
; n              ; 16    ; Signed Integer                 ;
+----------------+-------+--------------------------------+
Note: In order to hide this table in the UI and the text report file, please set the "Show Parameter Settings Tables in Synthesis Report" option in "Analysis and Synthesis Settings -> More Settings" to "Off".


+---------------------------------------------------------+
; Parameter Settings for User Entity Instance: regn:reg_5 ;
+----------------+-------+--------------------------------+
; Parameter Name ; Value ; Type                           ;
+----------------+-------+--------------------------------+
; n              ; 16    ; Signed Integer                 ;
+----------------+-------+--------------------------------+
Note: In order to hide this table in the UI and the text report file, please set the "Show Parameter Settings Tables in Synthesis Report" option in "Analysis and Synthesis Settings -> More Settings" to "Off".


+---------------------------------------------------------+
; Parameter Settings for User Entity Instance: regn:reg_6 ;
+----------------+-------+--------------------------------+
; Parameter Name ; Value ; Type                           ;
+----------------+-------+--------------------------------+
; n              ; 16    ; Signed Integer                 ;
+----------------+-------+--------------------------------+
Note: In order to hide this table in the UI and the text report file, please set the "Show Parameter Settings Tables in Synthesis Report" option in "Analysis and Synthesis Settings -> More Settings" to "Off".


+---------------------------------------------------------+
; Parameter Settings for User Entity Instance: regn:reg_7 ;
+----------------+-------+--------------------------------+
; Parameter Name ; Value ; Type                           ;
+----------------+-------+--------------------------------+
; n              ; 16    ; Signed Integer                 ;
+----------------+-------+--------------------------------+
Note: In order to hide this table in the UI and the text report file, please set the "Show Parameter Settings Tables in Synthesis Report" option in "Analysis and Synthesis Settings -> More Settings" to "Off".


+---------------------------------------------------------+
; Parameter Settings for User Entity Instance: regn:reg_A ;
+----------------+-------+--------------------------------+
; Parameter Name ; Value ; Type                           ;
+----------------+-------+--------------------------------+
; n              ; 16    ; Signed Integer                 ;
+----------------+-------+--------------------------------+
Note: In order to hide this table in the UI and the text report file, please set the "Show Parameter Settings Tables in Synthesis Report" option in "Analysis and Synthesis Settings -> More Settings" to "Off".


+---------------------------------------------------------+
; Parameter Settings for User Entity Instance: regn:reg_g ;
+----------------+-------+--------------------------------+
; Parameter Name ; Value ; Type                           ;
+----------------+-------+--------------------------------+
; n              ; 16    ; Signed Integer                 ;
+----------------+-------+--------------------------------+
Note: In order to hide this table in the UI and the text report file, please set the "Show Parameter Settings Tables in Synthesis Report" option in "Analysis and Synthesis Settings -> More Settings" to "Off".


+-----------------------------------------------------------+
; Parameter Settings for User Entity Instance: regnl:reg_ir ;
+----------------+-------+----------------------------------+
; Parameter Name ; Value ; Type                             ;
+----------------+-------+----------------------------------+
; n              ; 9     ; Signed Integer                   ;
+----------------+-------+----------------------------------+
Note: In order to hide this table in the UI and the text report file, please set the "Show Parameter Settings Tables in Synthesis Report" option in "Analysis and Synthesis Settings -> More Settings" to "Off".


+-------------------------------+
; Analysis & Synthesis Messages ;
+-------------------------------+
Info: *******************************************************************
Info: Running Quartus II 64-Bit Analysis & Synthesis
    Info: Version 8.1 Build 163 10/28/2008 SJ Full Version
    Info: Processing started: Wed Jan 06 20:07:33 2016
Info: Command: quartus_map --read_settings_files=on --write_settings_files=off proc -c proc
Info: Found 2 design units, including 1 entities, in source file proc.vhd
    Info: Found design unit 1: proc-Behavior
    Info: Found entity 1: proc
Info: Found 2 design units, including 1 entities, in source file upcount.vhd
    Info: Found design unit 1: upcount-Behavior
    Info: Found entity 1: upcount
Info: Found 2 design units, including 1 entities, in source file dec3to8.vhd
    Info: Found design unit 1: dec3to8-Behavior
    Info: Found entity 1: dec3to8
Info: Found 2 design units, including 1 entities, in source file regn.vhd
    Info: Found design unit 1: regn-Behavior
    Info: Found entity 1: regn
Warning: Entity "mux" obtained from "C:/Users/c/Desktop/proc1/mux.vhd" instead of from Quartus II megafunction library
Info: Found 2 design units, including 1 entities, in source file mux.vhd
    Info: Found design unit 1: mux-Behavior
    Info: Found entity 1: mux
Info: Found 2 design units, including 1 entities, in source file ALU.vhd
    Info: Found design unit 1: ALU-Behavior
    Info: Found entity 1: ALU
Info: Found 2 design units, including 1 entities, in source file regnl.vhd
    Info: Found design unit 1: regnl-Behavior
    Info: Found entity 1: regnl
Info: Elaborating entity "proc" for the top level hierarchy
Warning (10541): VHDL Signal Declaration warning at proc.vhd(66): used implicit default value for signal "RESULT" because signal was never assigned a value or an explicit default value. Use of implicit default value may introduce unintended design optimizations.
Warning (10036): Verilog HDL or VHDL warning at proc.vhd(66): object "A" assigned a value but never read
Warning (10492): VHDL Process Statement warning at proc.vhd(94): signal "Run" is read inside the Process Statement but isn't in the Process Statement's sensitivity list
Warning (10492): VHDL Process Statement warning at proc.vhd(97): signal "Resetn" is read inside the Process Statement but isn't in the Process Statement's sensitivity list
Info: Elaborating entity "upcount" for hierarchy "upcount:Tstep"
Info: Elaborating entity "dec3to8" for hierarchy "dec3to8:decX"
Info: Elaborating entity "regn" for hierarchy "regn:reg_0"
Info: Elaborating entity "regnl" for hierarchy "regnl:reg_ir"
Info: Elaborating entity "ALU" for hierarchy "ALU:ADD_SUB"
Warning (10492): VHDL Process Statement warning at ALU.vhd(17): signal "ADDSUB" is read inside the Process Statement but isn't in the Process Statement's sensitivity list
Warning (10492): VHDL Process Statement warning at ALU.vhd(18): signal "A" is read inside the Process Statement but isn't in the Process Statement's sensitivity list
Warning (10492): VHDL Process Statement warning at ALU.vhd(18): signal "B" is read inside the Process Statement but isn't in the Process Statement's sensitivity list
Warning (10492): VHDL Process Statement warning at ALU.vhd(20): signal "A" is read inside the Process Statement but isn't in the Process Statement's sensitivity list
Warning (10492): VHDL Process Statement warning at ALU.vhd(20): signal "B" is read inside the Process Statement but isn't in the Process Statement's sensitivity list
Info: Elaborating entity "mux" for hierarchy "mux:MUX1"
Warning (10492): VHDL Process Statement warning at mux.vhd(16): signal "ROUT" is read inside the Process Statement but isn't in the Process Statement's sensitivity list
Warning (10492): VHDL Process Statement warning at mux.vhd(16): signal "R0" is read inside the Process Statement but isn't in the Process Statement's sensitivity list
Warning (10492): VHDL Process Statement warning at mux.vhd(17): signal "ROUT" is read inside the Process Statement but isn't in the Process Statement's sensitivity list
Warning (10492): VHDL Process Statement warning at mux.vhd(17): signal "R1" is read inside the Process Statement but isn't in the Process Statement's sensitivity list
Warning (10492): VHDL Process Statement warning at mux.vhd(18): signal "ROUT" is read inside the Process Statement but isn't in the Process Statement's sensitivity list
Warning (10492): VHDL Process Statement warning at mux.vhd(18): signal "R2" is read inside the Process Statement but isn't in the Process Statement's sensitivity list
Warning (10492): VHDL Process Statement warning at mux.vhd(19): signal "ROUT" is read inside the Process Statement but isn't in the Process Statement's sensitivity list
Warning (10492): VHDL Process Statement warning at mux.vhd(19): signal "R3" is read inside the Process Statement but isn't in the Process Statement's sensitivity list
Warning (10492): VHDL Process Statement warning at mux.vhd(20): signal "ROUT" is read inside the Process Statement but isn't in the Process Statement's sensitivity list
Warning (10492): VHDL Process Statement warning at mux.vhd(20): signal "R4" is read inside the Process Statement but isn't in the Process Statement's sensitivity list
Warning (10492): VHDL Process Statement warning at mux.vhd(21): signal "ROUT" is read inside the Process Statement but isn't in the Process Statement's sensitivity list
Warning (10492): VHDL Process Statement warning at mux.vhd(21): signal "R5" is read inside the Process Statement but isn't in the Process Statement's sensitivity list
Warning (10492): VHDL Process Statement warning at mux.vhd(22): signal "ROUT" is read inside the Process Statement but isn't in the Process Statement's sensitivity list
Warning (10492): VHDL Process Statement warning at mux.vhd(22): signal "R6" is read inside the Process Statement but isn't in the Process Statement's sensitivity list
Warning (10492): VHDL Process Statement warning at mux.vhd(23): signal "ROUT" is read inside the Process Statement but isn't in the Process Statement's sensitivity list
Warning (10492): VHDL Process Statement warning at mux.vhd(23): signal "R7" is read inside the Process Statement but isn't in the Process Statement's sensitivity list
Warning (10492): VHDL Process Statement warning at mux.vhd(24): signal "DINOUT" is read inside the Process Statement but isn't in the Process Statement's sensitivity list
Warning (10492): VHDL Process Statement warning at mux.vhd(24): signal "DIN" is read inside the Process Statement but isn't in the Process Statement's sensitivity list
Warning (10492): VHDL Process Statement warning at mux.vhd(25): signal "GOUT" is read inside the Process Statement but isn't in the Process Statement's sensitivity list
Warning (10492): VHDL Process Statement warning at mux.vhd(25): signal "G" is read inside the Process Statement but isn't in the Process Statement's sensitivity list
Warning (10631): VHDL Process Statement warning at mux.vhd(14): inferring latch(es) for signal or variable "BUSWIRES", which holds its previous value in one or more paths through the process
Info (10041): Inferred latch for "BUSWIRES[0]" at mux.vhd(14)
Info (10041): Inferred latch for "BUSWIRES[1]" at mux.vhd(14)
Info (10041): Inferred latch for "BUSWIRES[2]" at mux.vhd(14)
Info (10041): Inferred latch for "BUSWIRES[3]" at mux.vhd(14)
Info (10041): Inferred latch for "BUSWIRES[4]" at mux.vhd(14)
Info (10041): Inferred latch for "BUSWIRES[5]" at mux.vhd(14)
Info (10041): Inferred latch for "BUSWIRES[6]" at mux.vhd(14)
Info (10041): Inferred latch for "BUSWIRES[7]" at mux.vhd(14)
Info (10041): Inferred latch for "BUSWIRES[8]" at mux.vhd(14)
Info (10041): Inferred latch for "BUSWIRES[9]" at mux.vhd(14)
Info (10041): Inferred latch for "BUSWIRES[10]" at mux.vhd(14)
Info (10041): Inferred latch for "BUSWIRES[11]" at mux.vhd(14)
Info (10041): Inferred latch for "BUSWIRES[12]" at mux.vhd(14)
Info (10041): Inferred latch for "BUSWIRES[13]" at mux.vhd(14)
Info (10041): Inferred latch for "BUSWIRES[14]" at mux.vhd(14)
Info (10041): Inferred latch for "BUSWIRES[15]" at mux.vhd(14)
Warning: Latch mux:MUX1|BUSWIRES[0] has unsafe behavior
    Warning: Ports D and ENA on the latch are fed by the same signal Resetn
Warning: Latch mux:MUX1|BUSWIRES[1] has unsafe behavior
    Warning: Ports D and ENA on the latch are fed by the same signal Resetn
Warning: Latch mux:MUX1|BUSWIRES[2] has unsafe behavior
    Warning: Ports D and ENA on the latch are fed by the same signal Resetn
Warning: Latch mux:MUX1|BUSWIRES[3] has unsafe behavior
    Warning: Ports D and ENA on the latch are fed by the same signal Resetn
Warning: Latch mux:MUX1|BUSWIRES[4] has unsafe behavior
    Warning: Ports D and ENA on the latch are fed by the same signal Resetn
Warning: Latch mux:MUX1|BUSWIRES[5] has unsafe behavior
    Warning: Ports D and ENA on the latch are fed by the same signal Resetn
Warning: Latch mux:MUX1|BUSWIRES[6] has unsafe behavior
    Warning: Ports D and ENA on the latch are fed by the same signal Resetn
Warning: Latch mux:MUX1|BUSWIRES[7] has unsafe behavior
    Warning: Ports D and ENA on the latch are fed by the same signal Resetn
Warning: Latch mux:MUX1|BUSWIRES[8] has unsafe behavior
    Warning: Ports D and ENA on the latch are fed by the same signal Resetn
Warning: Latch mux:MUX1|BUSWIRES[9] has unsafe behavior
    Warning: Ports D and ENA on the latch are fed by the same signal Resetn
Warning: Latch mux:MUX1|BUSWIRES[10] has unsafe behavior
    Warning: Ports D and ENA on the latch are fed by the same signal Resetn
Warning: Latch mux:MUX1|BUSWIRES[11] has unsafe behavior
    Warning: Ports D and ENA on the latch are fed by the same signal Resetn
Warning: Latch mux:MUX1|BUSWIRES[12] has unsafe behavior
    Warning: Ports D and ENA on the latch are fed by the same signal Resetn
Warning: Latch mux:MUX1|BUSWIRES[13] has unsafe behavior
    Warning: Ports D and ENA on the latch are fed by the same signal Resetn
Warning: Latch mux:MUX1|BUSWIRES[14] has unsafe behavior
    Warning: Ports D and ENA on the latch are fed by the same signal Resetn
Warning: Latch mux:MUX1|BUSWIRES[15] has unsafe behavior
    Warning: Ports D and ENA on the latch are fed by the same signal Resetn
Warning: Design contains 1 input pin(s) that do not drive logic
    Warning (15610): No output dependent on input pin "Run"
Info: Implemented 333 device resources after synthesis - the final resource count might be different
    Info: Implemented 19 input pins
    Info: Implemented 17 output pins
    Info: Implemented 297 logic cells
Info: Quartus II 64-Bit Analysis & Synthesis was successful. 0 errors, 65 warnings
    Info: Peak virtual memory: 328 megabytes
    Info: Processing ended: Wed Jan 06 20:08:42 2016
    Info: Elapsed time: 00:01:09
    Info: Total CPU time (on all processors): 00:00:02


