Flow report for hello
Thu Dec 10 15:39:48 2015
Quartus II 64-Bit Version 8.1 Build 163 10/28/2008 SJ Full Version


---------------------
; Table of Contents ;
---------------------
  1. Legal Notice
  2. Flow Summary
  3. Flow Settings
  4. Flow Non-Default Global Settings
  5. Flow Elapsed Time
  6. Flow OS Summary
  7. Flow Log



----------------
; Legal Notice ;
----------------
Copyright (C) 1991-2008 Altera Corporation
Your use of Altera Corporation's design tools, logic functions 
and other software and tools, and its AMPP partner logic 
functions, and any output files from any of the foregoing 
(including device programming or simulation files), and any 
associated documentation or information are expressly subject 
to the terms and conditions of the Altera Program License 
Subscription Agreement, Altera MegaCore Function License 
Agreement, or other applicable license agreement, including, 
without limitation, that your use is for the sole purpose of 
programming logic devices manufactured by Altera and sold by 
Altera or its authorized distributors.  Please refer to the 
applicable agreement for further details.



+-------------------------------------------------------------------------------+
; Flow Summary                                                                  ;
+------------------------------------+------------------------------------------+
; Flow Status                        ; Successful - Thu Dec 10 15:39:48 2015    ;
; Quartus II 64-Bit Version          ; 8.1 Build 163 10/28/2008 SJ Full Version ;
; Revision Name                      ; hello                                    ;
; Top-level Entity Name              ; hello                                    ;
; Family                             ; Cyclone II                               ;
; Device                             ; EP2C70F896C6                             ;
; Timing Models                      ; Final                                    ;
; Met timing requirements            ; Yes                                      ;
; Total logic elements               ; 184 / 68,416 ( < 1 % )                   ;
;     Total combinational functions  ; 184 / 68,416 ( < 1 % )                   ;
;     Dedicated logic registers      ; 96 / 68,416 ( < 1 % )                    ;
; Total registers                    ; 96                                       ;
; Total pins                         ; 98 / 622 ( 16 % )                        ;
; Total virtual pins                 ; 0                                        ;
; Total memory bits                  ; 0 / 1,152,000 ( 0 % )                    ;
; Embedded Multiplier 9-bit elements ; 0 / 300 ( 0 % )                          ;
; Total PLLs                         ; 0 / 4 ( 0 % )                            ;
+------------------------------------+------------------------------------------+


+-----------------------------------------+
; Flow Settings                           ;
+-------------------+---------------------+
; Option            ; Setting             ;
+-------------------+---------------------+
; Start date & time ; 12/10/2015 15:35:46 ;
; Main task         ; Compilation         ;
; Revision Name     ; hello               ;
+-------------------+---------------------+


+----------------------------------------------------------------------------------------------------------------+
; Flow Non-Default Global Settings                                                                               ;
+------------------------------------+--------------------------------+---------------+-------------+------------+
; Assignment Name                    ; Value                          ; Default Value ; Entity Name ; Section Id ;
+------------------------------------+--------------------------------+---------------+-------------+------------+
; COMPILER_SIGNATURE_ID              ; 44873438952414.144973294608720 ; --            ; --          ; --         ;
; PARTITION_COLOR                    ; 2147039                        ; --            ; --          ; Top        ;
; PARTITION_NETLIST_TYPE             ; SOURCE                         ; --            ; --          ; Top        ;
; USE_GENERATED_PHYSICAL_CONSTRAINTS ; Off                            ; --            ; --          ; eda_palace ;
+------------------------------------+--------------------------------+---------------+-------------+------------+


+-----------------------------------------------------------------------------------------------------------------------------+
; Flow Elapsed Time                                                                                                           ;
+-------------------------+--------------+-------------------------+---------------------+------------------------------------+
; Module Name             ; Elapsed Time ; Average Processors Used ; Peak Virtual Memory ; Total CPU Time (on all processors) ;
+-------------------------+--------------+-------------------------+---------------------+------------------------------------+
; Analysis & Synthesis    ; 00:00:46     ; 1.0                     ; 323 MB              ; 00:00:02                           ;
; Fitter                  ; 00:00:56     ; 1.1                     ; 480 MB              ; 00:00:12                           ;
; Assembler               ; 00:00:49     ; 1.0                     ; 418 MB              ; 00:00:04                           ;
; Classic Timing Analyzer ; 00:00:44     ; 1.0                     ; 230 MB              ; 00:00:00                           ;
; Total                   ; 00:03:15     ; --                      ; --                  ; 00:00:18                           ;
+-------------------------+--------------+-------------------------+---------------------+------------------------------------+


+------------------------------------------------------------------------------------------+
; Flow OS Summary                                                                          ;
+-------------------------+------------------+---------------+------------+----------------+
; Module Name             ; Machine Hostname ; OS Name       ; OS Version ; Processor type ;
+-------------------------+------------------+---------------+------------+----------------+
; Analysis & Synthesis    ; c-PC             ; Windows Vista ; 6.1        ; x86_64         ;
; Fitter                  ; c-PC             ; Windows Vista ; 6.1        ; x86_64         ;
; Assembler               ; c-PC             ; Windows Vista ; 6.1        ; x86_64         ;
; Classic Timing Analyzer ; c-PC             ; Windows Vista ; 6.1        ; x86_64         ;
+-------------------------+------------------+---------------+------------+----------------+


------------
; Flow Log ;
------------
quartus_map --read_settings_files=on --write_settings_files=off hello -c hello
quartus_fit --read_settings_files=off --write_settings_files=off hello -c hello
quartus_asm --read_settings_files=off --write_settings_files=off hello -c hello
quartus_tan --read_settings_files=off --write_settings_files=off hello -c hello --timing_analysis_only



