Analysis & Synthesis report for bcd1
Thu Dec 03 10:31:43 2015
Quartus II 64-Bit Version 8.1 Build 163 10/28/2008 SJ Full Version


---------------------
; Table of Contents ;
---------------------
  1. Legal Notice
  2. Analysis & Synthesis Summary
  3. Analysis & Synthesis Settings
  4. Analysis & Synthesis Source Files Read
  5. Analysis & Synthesis Resource Usage Summary
  6. Analysis & Synthesis Resource Utilization by Entity
  7. User-Specified and Inferred Latches
  8. General Register Statistics
  9. Analysis & Synthesis Messages



----------------
; Legal Notice ;
----------------
Copyright (C) 1991-2008 Altera Corporation
Your use of Altera Corporation's design tools, logic functions 
and other software and tools, and its AMPP partner logic 
functions, and any output files from any of the foregoing 
(including device programming or simulation files), and any 
associated documentation or information are expressly subject 
to the terms and conditions of the Altera Program License 
Subscription Agreement, Altera MegaCore Function License 
Agreement, or other applicable license agreement, including, 
without limitation, that your use is for the sole purpose of 
programming logic devices manufactured by Altera and sold by 
Altera or its authorized distributors.  Please refer to the 
applicable agreement for further details.



+-------------------------------------------------------------------------------+
; Analysis & Synthesis Summary                                                  ;
+------------------------------------+------------------------------------------+
; Analysis & Synthesis Status        ; Successful - Thu Dec 03 10:31:43 2015    ;
; Quartus II 64-Bit Version          ; 8.1 Build 163 10/28/2008 SJ Full Version ;
; Revision Name                      ; bcd1                                     ;
; Top-level Entity Name              ; bcd1                                     ;
; Family                             ; Cyclone II                               ;
; Total logic elements               ; 11                                       ;
;     Total combinational functions  ; 11                                       ;
;     Dedicated logic registers      ; 0                                        ;
; Total registers                    ; 0                                        ;
; Total pins                         ; 28                                       ;
; Total virtual pins                 ; 0                                        ;
; Total memory bits                  ; 0                                        ;
; Embedded Multiplier 9-bit elements ; 0                                        ;
; Total PLLs                         ; 0                                        ;
+------------------------------------+------------------------------------------+


+----------------------------------------------------------------------------------------------------------+
; Analysis & Synthesis Settings                                                                            ;
+----------------------------------------------------------------+--------------------+--------------------+
; Option                                                         ; Setting            ; Default Value      ;
+----------------------------------------------------------------+--------------------+--------------------+
; Device                                                         ; EP2C70F896C6       ;                    ;
; Top-level entity name                                          ; bcd1               ; bcd1               ;
; Family name                                                    ; Cyclone II         ; Stratix II         ;
; Use Generated Physical Constraints File                        ; Off                ;                    ;
; Use smart compilation                                          ; Off                ; Off                ;
; Restructure Multiplexers                                       ; Auto               ; Auto               ;
; Create Debugging Nodes for IP Cores                            ; Off                ; Off                ;
; Preserve fewer node names                                      ; On                 ; On                 ;
; Disable OpenCore Plus hardware evaluation                      ; Off                ; Off                ;
; Verilog Version                                                ; Verilog_2001       ; Verilog_2001       ;
; VHDL Version                                                   ; VHDL93             ; VHDL93             ;
; State Machine Processing                                       ; Auto               ; Auto               ;
; Safe State Machine                                             ; Off                ; Off                ;
; Extract Verilog State Machines                                 ; On                 ; On                 ;
; Extract VHDL State Machines                                    ; On                 ; On                 ;
; Ignore Verilog initial constructs                              ; Off                ; Off                ;
; Iteration limit for constant Verilog loops                     ; 5000               ; 5000               ;
; Iteration limit for non-constant Verilog loops                 ; 250                ; 250                ;
; Add Pass-Through Logic to Inferred RAMs                        ; On                 ; On                 ;
; Parallel Synthesis                                             ; Off                ; Off                ;
; DSP Block Balancing                                            ; Auto               ; Auto               ;
; NOT Gate Push-Back                                             ; On                 ; On                 ;
; Power-Up Don't Care                                            ; On                 ; On                 ;
; Remove Redundant Logic Cells                                   ; Off                ; Off                ;
; Remove Duplicate Registers                                     ; On                 ; On                 ;
; Ignore CARRY Buffers                                           ; Off                ; Off                ;
; Ignore CASCADE Buffers                                         ; Off                ; Off                ;
; Ignore GLOBAL Buffers                                          ; Off                ; Off                ;
; Ignore ROW GLOBAL Buffers                                      ; Off                ; Off                ;
; Ignore LCELL Buffers                                           ; Off                ; Off                ;
; Ignore SOFT Buffers                                            ; On                 ; On                 ;
; Limit AHDL Integers to 32 Bits                                 ; Off                ; Off                ;
; Optimization Technique                                         ; Balanced           ; Balanced           ;
; Carry Chain Length                                             ; 70                 ; 70                 ;
; Auto Carry Chains                                              ; On                 ; On                 ;
; Auto Open-Drain Pins                                           ; On                 ; On                 ;
; Perform WYSIWYG Primitive Resynthesis                          ; Off                ; Off                ;
; Perform gate-level register retiming                           ; Off                ; Off                ;
; Allow register retiming to trade off Tsu/Tco with Fmax         ; On                 ; On                 ;
; Auto ROM Replacement                                           ; On                 ; On                 ;
; Auto RAM Replacement                                           ; On                 ; On                 ;
; Auto Shift Register Replacement                                ; Auto               ; Auto               ;
; Auto Clock Enable Replacement                                  ; On                 ; On                 ;
; Strict RAM Replacement                                         ; Off                ; Off                ;
; Allow Synchronous Control Signals                              ; On                 ; On                 ;
; Force Use of Synchronous Clear Signals                         ; Off                ; Off                ;
; Auto RAM to Logic Cell Conversion                              ; Off                ; Off                ;
; Auto Resource Sharing                                          ; Off                ; Off                ;
; Allow Any RAM Size For Recognition                             ; Off                ; Off                ;
; Allow Any ROM Size For Recognition                             ; Off                ; Off                ;
; Allow Any Shift Register Size For Recognition                  ; Off                ; Off                ;
; Use LogicLock Constraints during Resource Balancing            ; On                 ; On                 ;
; Ignore translate_off and synthesis_off directives              ; Off                ; Off                ;
; Show Parameter Settings Tables in Synthesis Report             ; On                 ; On                 ;
; Ignore Maximum Fan-Out Assignments                             ; Off                ; Off                ;
; Synchronization Register Chain Length                          ; 2                  ; 2                  ;
; PowerPlay Power Optimization                                   ; Normal compilation ; Normal compilation ;
; HDL message level                                              ; Level2             ; Level2             ;
; Suppress Register Optimization Related Messages                ; Off                ; Off                ;
; Number of Removed Registers Reported in Synthesis Report       ; 100                ; 100                ;
; Number of Inverted Registers Reported in Synthesis Report      ; 100                ; 100                ;
; Clock MUX Protection                                           ; On                 ; On                 ;
; Auto Gated Clock Conversion                                    ; Off                ; Off                ;
; Block Design Naming                                            ; Auto               ; Auto               ;
; SDC constraint protection                                      ; Off                ; Off                ;
; Synthesis Effort                                               ; Auto               ; Auto               ;
; Allows Asynchronous Clear Usage For Shift Register Replacement ; On                 ; On                 ;
; Analysis & Synthesis Message Level                             ; Medium             ; Medium             ;
+----------------------------------------------------------------+--------------------+--------------------+


+--------------------------------------------------------------------------------------------------------------------------------------------+
; Analysis & Synthesis Source Files Read                                                                                                     ;
+----------------------------------+-----------------+-----------------+---------------------------------------------------------------------+
; File Name with User-Entered Path ; Used in Netlist ; File Type       ; File Name with Absolute Path                                        ;
+----------------------------------+-----------------+-----------------+---------------------------------------------------------------------+
; bcd1.vhd                         ; yes             ; User VHDL File  ; C:/Users/c/Desktop/新建文件夹 (3)/fpga/bao/新建文件夹/bcd1/bcd1.vhd ;
+----------------------------------+-----------------+-----------------+---------------------------------------------------------------------+


+-----------------------------------------------------+
; Analysis & Synthesis Resource Usage Summary         ;
+---------------------------------------------+-------+
; Resource                                    ; Usage ;
+---------------------------------------------+-------+
; Estimated Total logic elements              ; 11    ;
;                                             ;       ;
; Total combinational functions               ; 11    ;
; Logic element usage by number of LUT inputs ;       ;
;     -- 4 input functions                    ; 7     ;
;     -- 3 input functions                    ; 4     ;
;     -- <=2 input functions                  ; 0     ;
;                                             ;       ;
; Logic elements by mode                      ;       ;
;     -- normal mode                          ; 11    ;
;     -- arithmetic mode                      ; 0     ;
;                                             ;       ;
; Total registers                             ; 0     ;
;     -- Dedicated logic registers            ; 0     ;
;     -- I/O registers                        ; 0     ;
;                                             ;       ;
; I/O pins                                    ; 28    ;
; Maximum fan-out node                        ; Q[2]  ;
; Maximum fan-out                             ; 11    ;
; Total fan-out                               ; 56    ;
; Average fan-out                             ; 1.44  ;
+---------------------------------------------+-------+


+-----------------------------------------------------------------------------------------------------------------------------------------------------------------------------+
; Analysis & Synthesis Resource Utilization by Entity                                                                                                                         ;
+----------------------------+-------------------+--------------+-------------+--------------+---------+-----------+------+--------------+---------------------+--------------+
; Compilation Hierarchy Node ; LC Combinationals ; LC Registers ; Memory Bits ; DSP Elements ; DSP 9x9 ; DSP 18x18 ; Pins ; Virtual Pins ; Full Hierarchy Name ; Library Name ;
+----------------------------+-------------------+--------------+-------------+--------------+---------+-----------+------+--------------+---------------------+--------------+
; |bcd1                      ; 11 (11)           ; 0 (0)        ; 0           ; 0            ; 0       ; 0         ; 28   ; 0            ; |bcd1               ; work         ;
+----------------------------+-------------------+--------------+-------------+--------------+---------+-----------+------+--------------+---------------------+--------------+
Note: For table entries with two numbers listed, the numbers in parentheses indicate the number of resources of the given type used by the specific entity alone. The numbers listed outside of parentheses indicate the total resources of the given type used by the specific entity and all of its sub-entities in the hierarchy.


+---------------------------------------------------------------------------------------------------+
; User-Specified and Inferred Latches                                                               ;
+----------------------------------------------------+---------------------+------------------------+
; Latch Name                                         ; Latch Enable Signal ; Free of Timing Hazards ;
+----------------------------------------------------+---------------------+------------------------+
; C1[0]$latch                                        ; Mux21               ; yes                    ;
; C1[1]$latch                                        ; Mux21               ; yes                    ;
; C1[2]$latch                                        ; Mux21               ; yes                    ;
; C1[3]$latch                                        ; Mux21               ; yes                    ;
; C1[4]$latch                                        ; Mux21               ; yes                    ;
; C1[5]$latch                                        ; Mux21               ; yes                    ;
; C1[6]$latch                                        ; Mux21               ; yes                    ;
; Number of user-specified and inferred latches = 7  ;                     ;                        ;
+----------------------------------------------------+---------------------+------------------------+
Note: All latches listed above may not be present at the end of synthesis due to various synthesis optimizations.


+------------------------------------------------------+
; General Register Statistics                          ;
+----------------------------------------------+-------+
; Statistic                                    ; Value ;
+----------------------------------------------+-------+
; Total registers                              ; 0     ;
; Number of registers using Synchronous Clear  ; 0     ;
; Number of registers using Synchronous Load   ; 0     ;
; Number of registers using Asynchronous Clear ; 0     ;
; Number of registers using Asynchronous Load  ; 0     ;
; Number of registers using Clock Enable       ; 0     ;
; Number of registers using Preset             ; 0     ;
+----------------------------------------------+-------+


+-------------------------------+
; Analysis & Synthesis Messages ;
+-------------------------------+
Info: *******************************************************************
Info: Running Quartus II 64-Bit Analysis & Synthesis
    Info: Version 8.1 Build 163 10/28/2008 SJ Full Version
    Info: Processing started: Thu Dec 03 10:30:08 2015
Info: Command: quartus_map --read_settings_files=on --write_settings_files=off bcd1 -c bcd1
Info: Found 2 design units, including 1 entities, in source file bcd1.vhd
    Info: Found design unit 1: bcd1-behave
    Info: Found entity 1: bcd1
Info: Elaborating entity "bcd1" for the top level hierarchy
Warning (10492): VHDL Process Statement warning at bcd1.vhd(36): signal "P1" is read inside the Process Statement but isn't in the Process Statement's sensitivity list
Warning (10492): VHDL Process Statement warning at bcd1.vhd(49): signal "P2" is read inside the Process Statement but isn't in the Process Statement's sensitivity list
Warning (10631): VHDL Process Statement warning at bcd1.vhd(15): inferring latch(es) for signal or variable "C1", which holds its previous value in one or more paths through the process
Warning (10631): VHDL Process Statement warning at bcd1.vhd(15): inferring latch(es) for signal or variable "C0", which holds its previous value in one or more paths through the process
Info (10041): Inferred latch for "C0[0]" at bcd1.vhd(15)
Info (10041): Inferred latch for "C0[1]" at bcd1.vhd(15)
Info (10041): Inferred latch for "C0[2]" at bcd1.vhd(15)
Info (10041): Inferred latch for "C0[3]" at bcd1.vhd(15)
Info (10041): Inferred latch for "C0[4]" at bcd1.vhd(15)
Info (10041): Inferred latch for "C0[5]" at bcd1.vhd(15)
Info (10041): Inferred latch for "C0[6]" at bcd1.vhd(15)
Info (10041): Inferred latch for "C0[7]" at bcd1.vhd(15)
Info (10041): Inferred latch for "C1[0]" at bcd1.vhd(15)
Info (10041): Inferred latch for "C1[1]" at bcd1.vhd(15)
Info (10041): Inferred latch for "C1[2]" at bcd1.vhd(15)
Info (10041): Inferred latch for "C1[3]" at bcd1.vhd(15)
Info (10041): Inferred latch for "C1[4]" at bcd1.vhd(15)
Info (10041): Inferred latch for "C1[5]" at bcd1.vhd(15)
Info (10041): Inferred latch for "C1[6]" at bcd1.vhd(15)
Info (10041): Inferred latch for "C1[7]" at bcd1.vhd(15)
Warning: LATCH primitive "C0[0]$latch" is permanently enabled
Warning: LATCH primitive "C0[3]$latch" is permanently enabled
Warning: LATCH primitive "C0[4]$latch" is permanently enabled
Warning: LATCH primitive "C0[5]$latch" is permanently enabled
Warning: Latch C1[0]$latch has unsafe behavior
    Warning: Ports D and ENA on the latch are fed by the same signal Q[2]
Warning: Latch C1[1]$latch has unsafe behavior
    Warning: Ports D and ENA on the latch are fed by the same signal Q[2]
Warning: Latch C1[2]$latch has unsafe behavior
    Warning: Ports D and ENA on the latch are fed by the same signal Q[1]
Warning: Latch C1[3]$latch has unsafe behavior
    Warning: Ports D and ENA on the latch are fed by the same signal Q[2]
Warning: Latch C1[4]$latch has unsafe behavior
    Warning: Ports D and ENA on the latch are fed by the same signal Q[1]
Warning: Latch C1[5]$latch has unsafe behavior
    Warning: Ports D and ENA on the latch are fed by the same signal Q[2]
Warning: Latch C1[6]$latch has unsafe behavior
    Warning: Ports D and ENA on the latch are fed by the same signal Q[2]
Warning: LATCH primitive "C1[0]$latch" is permanently enabled
Warning: LATCH primitive "C1[1]$latch" is permanently enabled
Warning: LATCH primitive "C1[2]$latch" is permanently enabled
Warning: LATCH primitive "C1[3]$latch" is permanently enabled
Warning: LATCH primitive "C1[4]$latch" is permanently enabled
Warning: LATCH primitive "C1[5]$latch" is permanently enabled
Warning: LATCH primitive "C1[6]$latch" is permanently enabled
Warning: Output pins are stuck at VCC or GND
    Warning (13410): Pin "P2[1]" is stuck at GND
    Warning (13410): Pin "P2[2]" is stuck at GND
    Warning (13410): Pin "P2[3]" is stuck at GND
    Warning (13410): Pin "C0[1]" is stuck at GND
    Warning (13410): Pin "C0[2]" is stuck at GND
    Warning (13410): Pin "C0[6]" is stuck at VCC
    Warning (13410): Pin "C0[7]" is stuck at VCC
    Warning (13410): Pin "C1[7]" is stuck at VCC
Info: Implemented 39 device resources after synthesis - the final resource count might be different
    Info: Implemented 4 input pins
    Info: Implemented 24 output pins
    Info: Implemented 11 logic cells
Info: Quartus II 64-Bit Analysis & Synthesis was successful. 0 errors, 38 warnings
    Info: Peak virtual memory: 319 megabytes
    Info: Processing ended: Thu Dec 03 10:31:43 2015
    Info: Elapsed time: 00:01:35
    Info: Total CPU time (on all processors): 00:00:02


